Fibonacci(0) = 0
Fibonacci(1) = 1
Fibonacci(2) = 1
Fibonacci(3) = 2
Fibonacci(4) = 3
Fibonacci(5) = 5
Fibonacci(6) = 8
Fibonacci(7) = 13
Fibonacci(8) = 21
Fibonacci(9) = 34
Fibonacci(10) = 55
Fibonacci(11) = 89
Fibonacci(12) = 144
Fibonacci(13) = 233
Fibonacci(14) = 377
Fibonacci(15) = 610
Fibonacci(16) = 987
Fibonacci(17) = 1597
Fibonacci(18) = 2584
Fibonacci(19) = 4181
Fibonacci(20) = 6765
Fibonacci(21) = 10946
Fibonacci(22) = 17711
Fibonacci(23) = 28657
Fibonacci(24) = 46368
Fibonacci(25) = 75025
Fibonacci(26) = 121393
Fibonacci(27) = 196418
Fibonacci(28) = 317811
Fibonacci(29) = 514229
Fibonacci(30) = 832040
Fibonacci(31) = 1346269
Fibonacci(32) = 2178309
Fibonacci(33) = 3524578
Fibonacci(34) = 5702887
Fibonacci(35) = 9227465
Fibonacci(36) = 14930352
Fibonacci(37) = 24157817
Fibonacci(38) = 39088169
Fibonacci(39) = 63245986
Fibonacci(40) = 102334155
Fibonacci(41) = 165580141
Fibonacci(42) = 267914296
Fibonacci(43) = 433494437
Fibonacci(44) = 701408733
Fibonacci(45) = 134903163
Fibonacci(46) = 836311896
Fibonacci(47) = 971215059
Fibonacci(48) = 807526948
Fibonacci(49) = 778742000
Fibonacci(50) = 586268941
Fibonacci(51) = 365010934
Fibonacci(52) = 951279875
Fibonacci(53) = 316290802
Fibonacci(54) = 267570670
Fibonacci(55) = 583861472
Fibonacci(56) = 851432142
Fibonacci(57) = 435293607
Fibonacci(58) = 286725742
Fibonacci(59) = 722019349
Fibonacci(60) = 8745084
Fibonacci(61) = 730764433
Fibonacci(62) = 739509517
Fibonacci(63) = 470273943
Fibonacci(64) = 209783453
Fibonacci(65) = 680057396
Fibonacci(66) = 889840849
Fibonacci(67) = 569898238
Fibonacci(68) = 459739080
Fibonacci(69) = 29637311
Fibonacci(70) = 489376391
Fibonacci(71) = 519013702
Fibonacci(72) = 8390086
Fibonacci(73) = 527403788
Fibonacci(74) = 535793874
Fibonacci(75) = 63197655
Fibonacci(76) = 598991529
Fibonacci(77) = 662189184
Fibonacci(78) = 261180706
Fibonacci(79) = 923369890
Fibonacci(80) = 184550589
Fibonacci(81) = 107920472
Fibonacci(82) = 292471061
Fibonacci(83) = 400391533
Fibonacci(84) = 692862594
Fibonacci(85) = 93254120
Fibonacci(86) = 786116714
Fibonacci(87) = 879370834
Fibonacci(88) = 665487541
Fibonacci(89) = 544858368
Fibonacci(90) = 210345902
Fibonacci(91) = 755204270
Fibonacci(92) = 965550172
Fibonacci(93) = 720754435
Fibonacci(94) = 686304600
Fibonacci(95) = 407059028
Fibonacci(96) = 93363621
Fibonacci(97) = 500422649
Fibonacci(98) = 593786270
Fibonacci(99) = 94208912
Fibonacci(100) = 687995182
Fibonacci(101) = 782204094
Fibonacci(102) = 470199269
Fibonacci(103) = 252403356
Fibonacci(104) = 722602625
Fibonacci(105) = 975005981
Fibonacci(106) = 697608599
Fibonacci(107) = 672614573
Fibonacci(108) = 370223165
Fibonacci(109) = 42837731
Fibonacci(110) = 413060896
Fibonacci(111) = 455898627
Fibonacci(112) = 868959523
Fibonacci(113) = 324858143
Fibonacci(114) = 193817659
Fibonacci(115) = 518675802
Fibonacci(116) = 712493461
Fibonacci(117) = 231169256
Fibonacci(118) = 943662717
Fibonacci(119) = 174831966
Fibonacci(120) = 118494676
Fibonacci(121) = 293326642
Fibonacci(122) = 411821318
Fibonacci(123) = 705147960
Fibonacci(124) = 116969271
Fibonacci(125) = 822117231
Fibonacci(126) = 939086502
Fibonacci(127) = 761203726
Fibonacci(128) = 700290221
Fibonacci(129) = 461493940
Fibonacci(130) = 161784154
Fibonacci(131) = 623278094
Fibonacci(132) = 785062248
Fibonacci(133) = 408340335
Fibonacci(134) = 193402576
Fibonacci(135) = 601742911
Fibonacci(136) = 795145487
Fibonacci(137) = 396888391
Fibonacci(138) = 192033871
Fibonacci(139) = 588922262
Fibonacci(140) = 780956133
Fibonacci(141) = 369878388
Fibonacci(142) = 150834514
Fibonacci(143) = 520712902
Fibonacci(144) = 671547416
Fibonacci(145) = 192260311
Fibonacci(146) = 863807727
Fibonacci(147) = 56068031
Fibonacci(148) = 919875758
Fibonacci(149) = 975943789
Fibonacci(150) = 895819540
Fibonacci(151) = 871763322
Fibonacci(152) = 767582855
Fibonacci(153) = 639346170
Fibonacci(154) = 406929018
Fibonacci(155) = 46275181
Fibonacci(156) = 453204199
Fibonacci(157) = 499479380
Fibonacci(158) = 952683579
Fibonacci(159) = 452162952
Fibonacci(160) = 404846524
Fibonacci(161) = 857009476
Fibonacci(162) = 261855993
Fibonacci(163) = 118865462
Fibonacci(164) = 380721455
Fibonacci(165) = 499586917
Fibonacci(166) = 880308372
Fibonacci(167) = 379895282
Fibonacci(168) = 260203647
Fibonacci(169) = 640098929
Fibonacci(170) = 900302576
Fibonacci(171) = 540401498
Fibonacci(172) = 440704067
Fibonacci(173) = 981105565
Fibonacci(174) = 421809625
Fibonacci(175) = 402915183
Fibonacci(176) = 824724808
Fibonacci(177) = 227639984
Fibonacci(178) = 52364785
Fibonacci(179) = 280004769
Fibonacci(180) = 332369554
Fibonacci(181) = 612374323
Fibonacci(182) = 944743877
Fibonacci(183) = 557118193
Fibonacci(184) = 501862063
Fibonacci(185) = 58980249
Fibonacci(186) = 560842312
Fibonacci(187) = 619822561
Fibonacci(188) = 180664866
Fibonacci(189) = 800487427
Fibonacci(190) = 981152293
Fibonacci(191) = 781639713
Fibonacci(192) = 762791999
Fibonacci(193) = 544431705
Fibonacci(194) = 307223697
Fibonacci(195) = 851655402
Fibonacci(196) = 158879092
Fibonacci(197) = 10534487
Fibonacci(198) = 169413579
Fibonacci(199) = 179948066
Fibonacci(200) = 349361645
Fibonacci(201) = 529309711
Fibonacci(202) = 878671356
Fibonacci(203) = 407981060
Fibonacci(204) = 286652409
Fibonacci(205) = 694633469
Fibonacci(206) = 981285878
Fibonacci(207) = 675919340
Fibonacci(208) = 657205211
Fibonacci(209) = 333124544
Fibonacci(210) = 990329755
Fibonacci(211) = 323454292
Fibonacci(212) = 313784040
Fibonacci(213) = 637238332
Fibonacci(214) = 951022372
Fibonacci(215) = 588260697
Fibonacci(216) = 539283062
Fibonacci(217) = 127543752
Fibonacci(218) = 666826814
Fibonacci(219) = 794370566
Fibonacci(220) = 461197373
Fibonacci(221) = 255567932
Fibonacci(222) = 716765305
Fibonacci(223) = 972333237
Fibonacci(224) = 689098535
Fibonacci(225) = 661431765
Fibonacci(226) = 350530293
Fibonacci(227) = 11962051
Fibonacci(228) = 362492344
Fibonacci(229) = 374454395
Fibonacci(230) = 736946739
Fibonacci(231) = 111401127
Fibonacci(232) = 848347866
Fibonacci(233) = 959748993
Fibonacci(234) = 808096852
Fibonacci(235) = 767845838
Fibonacci(236) = 575942683
Fibonacci(237) = 343788514
Fibonacci(238) = 919731197
Fibonacci(239) = 263519704
Fibonacci(240) = 183250894
Fibonacci(241) = 446770598
Fibonacci(242) = 630021492
Fibonacci(243) = 76792083
Fibonacci(244) = 706813575
Fibonacci(245) = 783605658
Fibonacci(246) = 490419226
Fibonacci(247) = 274024877
Fibonacci(248) = 764444103
Fibonacci(249) = 38468973
Fibonacci(250) = 802913076
Fibonacci(251) = 841382049
Fibonacci(252) = 644295118
Fibonacci(253) = 485677160
Fibonacci(254) = 129972271
Fibonacci(255) = 615649431
Fibonacci(256) = 745621702
Fibonacci(257) = 361271126
Fibonacci(258) = 106892821
Fibonacci(259) = 468163947
Fibonacci(260) = 575056768
Fibonacci(261) = 43220708
Fibonacci(262) = 618277476
Fibonacci(263) = 661498184
Fibonacci(264) = 279775653
Fibonacci(265) = 941273837
Fibonacci(266) = 221049483
Fibonacci(267) = 162323313
Fibonacci(268) = 383372796
Fibonacci(269) = 545696109
Fibonacci(270) = 929068905
Fibonacci(271) = 474765007
Fibonacci(272) = 403833905
Fibonacci(273) = 878598912
Fibonacci(274) = 282432810
Fibonacci(275) = 161031715
Fibonacci(276) = 443464525
Fibonacci(277) = 604496240
Fibonacci(278) = 47960758
Fibonacci(279) = 652456998
Fibonacci(280) = 700417756
Fibonacci(281) = 352874747
Fibonacci(282) = 53292496
Fibonacci(283) = 406167243
Fibonacci(284) = 459459739
Fibonacci(285) = 865626982
Fibonacci(286) = 325086714
Fibonacci(287) = 190713689
Fibonacci(288) = 515800403
Fibonacci(289) = 706514092
Fibonacci(290) = 222314488
Fibonacci(291) = 928828580
Fibonacci(292) = 151143061
Fibonacci(293) = 79971634
Fibonacci(294) = 231114695
Fibonacci(295) = 311086329
Fibonacci(296) = 542201024
Fibonacci(297) = 853287353
Fibonacci(298) = 395488370
Fibonacci(299) = 248775716
Fibonacci(300) = 644264086
Fibonacci(301) = 893039802
Fibonacci(302) = 537303881
Fibonacci(303) = 430343676
Fibonacci(304) = 967647557
Fibonacci(305) = 397991226
Fibonacci(306) = 365638776
Fibonacci(307) = 763630002
Fibonacci(308) = 129268771
Fibonacci(309) = 892898773
Fibonacci(310) = 22167537
Fibonacci(311) = 915066310
Fibonacci(312) = 937233847
Fibonacci(313) = 852300150
Fibonacci(314) = 789533990
Fibonacci(315) = 641834133
Fibonacci(316) = 431368116
Fibonacci(317) = 73202242
Fibonacci(318) = 504570358
Fibonacci(319) = 577772600
Fibonacci(320) = 82342951
Fibonacci(321) = 660115551
Fibonacci(322) = 742458502
Fibonacci(323) = 402574046
Fibonacci(324) = 145032541
Fibonacci(325) = 547606587
Fibonacci(326) = 692639128
Fibonacci(327) = 240245708
Fibonacci(328) = 932884836
Fibonacci(329) = 173130537
Fibonacci(330) = 106015366
Fibonacci(331) = 279145903
Fibonacci(332) = 385161269
Fibonacci(333) = 664307172
Fibonacci(334) = 49468434
Fibonacci(335) = 713775606
Fibonacci(336) = 763244040
Fibonacci(337) = 477019639
Fibonacci(338) = 240263672
Fibonacci(339) = 717283311
Fibonacci(340) = 957546983
Fibonacci(341) = 674830287
Fibonacci(342) = 632377263
Fibonacci(343) = 307207543
Fibonacci(344) = 939584806
Fibonacci(345) = 246792342
Fibonacci(346) = 186377141
Fibonacci(347) = 433169483
Fibonacci(348) = 619546624
Fibonacci(349) = 52716100
Fibonacci(350) = 672262724
Fibonacci(351) = 724978824
Fibonacci(352) = 397241541
Fibonacci(353) = 122220358
Fibonacci(354) = 519461899
Fibonacci(355) = 641682257
Fibonacci(356) = 161144149
Fibonacci(357) = 802826406
Fibonacci(358) = 963970555
Fibonacci(359) = 766796954
Fibonacci(360) = 730767502
Fibonacci(361) = 497564449
Fibonacci(362) = 228331944
Fibonacci(363) = 725896393
Fibonacci(364) = 954228337
Fibonacci(365) = 680124723
Fibonacci(366) = 634353053
Fibonacci(367) = 314477769
Fibonacci(368) = 948830822
Fibonacci(369) = 263308584
Fibonacci(370) = 212139399
Fibonacci(371) = 475447983
Fibonacci(372) = 687587382
Fibonacci(373) = 163035358
Fibonacci(374) = 850622740
Fibonacci(375) = 13658091
Fibonacci(376) = 864280831
Fibonacci(377) = 877938922
Fibonacci(378) = 742219746
Fibonacci(379) = 620158661
Fibonacci(380) = 362378400
Fibonacci(381) = 982537061
Fibonacci(382) = 344915454
Fibonacci(383) = 327452508
Fibonacci(384) = 672367962
Fibonacci(385) = 999820470
Fibonacci(386) = 672188425
Fibonacci(387) = 672008888
Fibonacci(388) = 344197306
Fibonacci(389) = 16206187
Fibonacci(390) = 360403493
Fibonacci(391) = 376609680
Fibonacci(392) = 737013173
Fibonacci(393) = 113622846
Fibonacci(394) = 850636019
Fibonacci(395) = 964258865
Fibonacci(396) = 814894877
Fibonacci(397) = 779153735
Fibonacci(398) = 594048605
Fibonacci(399) = 373202333
Fibonacci(400) = 967250938
Fibonacci(401) = 340453264
Fibonacci(402) = 307704195
Fibonacci(403) = 648157459
Fibonacci(404) = 955861654
Fibonacci(405) = 604019106
Fibonacci(406) = 559880753
Fibonacci(407) = 163899852
Fibonacci(408) = 723780605
Fibonacci(409) = 887680457
Fibonacci(410) = 611461055
Fibonacci(411) = 499141505
Fibonacci(412) = 110602553
Fibonacci(413) = 609744058
Fibonacci(414) = 720346611
Fibonacci(415) = 330090662
Fibonacci(416) = 50437266
Fibonacci(417) = 380527928
Fibonacci(418) = 430965194
Fibonacci(419) = 811493122
Fibonacci(420) = 242458309
Fibonacci(421) = 53951424
Fibonacci(422) = 296409733
Fibonacci(423) = 350361157
Fibonacci(424) = 646770890
Fibonacci(425) = 997132047
Fibonacci(426) = 643902930
Fibonacci(427) = 641034970
Fibonacci(428) = 284937893
Fibonacci(429) = 925972863
Fibonacci(430) = 210910749
Fibonacci(431) = 136883605
Fibonacci(432) = 347794354
Fibonacci(433) = 484677959
Fibonacci(434) = 832472313
Fibonacci(435) = 317150265
Fibonacci(436) = 149622571
Fibonacci(437) = 466772836
Fibonacci(438) = 616395407
Fibonacci(439) = 83168236
Fibonacci(440) = 699563643
Fibonacci(441) = 782731879
Fibonacci(442) = 482295515
Fibonacci(443) = 265027387
Fibonacci(444) = 747322902
Fibonacci(445) = 12350282
Fibonacci(446) = 759673184
Fibonacci(447) = 772023466
Fibonacci(448) = 531696643
Fibonacci(449) = 303720102
Fibonacci(450) = 835416745
Fibonacci(451) = 139136840
Fibonacci(452) = 974553585
Fibonacci(453) = 113690418
Fibonacci(454) = 88243996
Fibonacci(455) = 201934414
Fibonacci(456) = 290178410
Fibonacci(457) = 492112824
Fibonacci(458) = 782291234
Fibonacci(459) = 274404051
Fibonacci(460) = 56695278
Fibonacci(461) = 331099329
Fibonacci(462) = 387794607
Fibonacci(463) = 718893936
Fibonacci(464) = 106688536
Fibonacci(465) = 825582472
Fibonacci(466) = 932271008
Fibonacci(467) = 757853473
Fibonacci(468) = 690124474
Fibonacci(469) = 447977940
Fibonacci(470) = 138102407
Fibonacci(471) = 586080347
Fibonacci(472) = 724182754
Fibonacci(473) = 310263094
Fibonacci(474) = 34445841
Fibonacci(475) = 344708935
Fibonacci(476) = 379154776
Fibonacci(477) = 723863711
Fibonacci(478) = 103018480
Fibonacci(479) = 826882191
Fibonacci(480) = 929900671
Fibonacci(481) = 756782855
Fibonacci(482) = 686683519
Fibonacci(483) = 443466367
Fibonacci(484) = 130149879
Fibonacci(485) = 573616246
Fibonacci(486) = 703766125
Fibonacci(487) = 277382364
Fibonacci(488) = 981148489
Fibonacci(489) = 258530846
Fibonacci(490) = 239679328
Fibonacci(491) = 498210174
Fibonacci(492) = 737889502
Fibonacci(493) = 236099669
Fibonacci(494) = 973989171
Fibonacci(495) = 210088833
Fibonacci(496) = 184077997
Fibonacci(497) = 394166830
Fibonacci(498) = 578244827
Fibonacci(499) = 972411657
Fibonacci(500) = 550656477
Fibonacci(501) = 523068127
Fibonacci(502) = 73724597
Fibonacci(503) = 596792724
Fibonacci(504) = 670517321
Fibonacci(505) = 267310038
Fibonacci(506) = 937827359
Fibonacci(507) = 205137390
Fibonacci(508) = 142964742
Fibonacci(509) = 348102132
Fibonacci(510) = 491066874
Fibonacci(511) = 839169006
Fibonacci(512) = 330235873
Fibonacci(513) = 169404872
Fibonacci(514) = 499640745
Fibonacci(515) = 669045617
Fibonacci(516) = 168686355
Fibonacci(517) = 837731972
Fibonacci(518) = 6418320
Fibonacci(519) = 844150292
Fibonacci(520) = 850568612
Fibonacci(521) = 694718897
Fibonacci(522) = 545287502
Fibonacci(523) = 240006392
Fibonacci(524) = 785293894
Fibonacci(525) = 25300279
Fibonacci(526) = 810594173
Fibonacci(527) = 835894452
Fibonacci(528) = 646488618
Fibonacci(529) = 482383063
Fibonacci(530) = 128871674
Fibonacci(531) = 611254737
Fibonacci(532) = 740126411
Fibonacci(533) = 351381141
Fibonacci(534) = 91507545
Fibonacci(535) = 442888686
Fibonacci(536) = 534396231
Fibonacci(537) = 977284917
Fibonacci(538) = 511681141
Fibonacci(539) = 488966051
Fibonacci(540) = 647185
Fibonacci(541) = 489613236
Fibonacci(542) = 490260421
Fibonacci(543) = 979873657
Fibonacci(544) = 470134071
Fibonacci(545) = 450007721
Fibonacci(546) = 920141792
Fibonacci(547) = 370149506
Fibonacci(548) = 290291291
Fibonacci(549) = 660440797
Fibonacci(550) = 950732088
Fibonacci(551) = 611172878
Fibonacci(552) = 561904959
Fibonacci(553) = 173077830
Fibonacci(554) = 734982789
Fibonacci(555) = 908060619
Fibonacci(556) = 643043401
Fibonacci(557) = 551104013
Fibonacci(558) = 194147407
Fibonacci(559) = 745251420
Fibonacci(560) = 939398827
Fibonacci(561) = 684650240
Fibonacci(562) = 624049060
Fibonacci(563) = 308699293
Fibonacci(564) = 932748353
Fibonacci(565) = 241447639
Fibonacci(566) = 174195985
Fibonacci(567) = 415643624
Fibonacci(568) = 589839609
Fibonacci(569) = 5483226
Fibonacci(570) = 595322835
Fibonacci(571) = 600806061
Fibonacci(572) = 196128889
Fibonacci(573) = 796934950
Fibonacci(574) = 993063839
Fibonacci(575) = 789998782
Fibonacci(576) = 783062614
Fibonacci(577) = 573061389
Fibonacci(578) = 356123996
Fibonacci(579) = 929185385
Fibonacci(580) = 285309374
Fibonacci(581) = 214494752
Fibonacci(582) = 499804126
Fibonacci(583) = 714298878
Fibonacci(584) = 214102997
Fibonacci(585) = 928401875
Fibonacci(586) = 142504865
Fibonacci(587) = 70906733
Fibonacci(588) = 213411598
Fibonacci(589) = 284318331
Fibonacci(590) = 497729929
Fibonacci(591) = 782048260
Fibonacci(592) = 279778182
Fibonacci(593) = 61826435
Fibonacci(594) = 341604617
Fibonacci(595) = 403431052
Fibonacci(596) = 745035669
Fibonacci(597) = 148466714
Fibonacci(598) = 893502383
Fibonacci(599) = 41969090
Fibonacci(600) = 935471473
Fibonacci(601) = 977440563
Fibonacci(602) = 912912029
Fibonacci(603) = 890352585
Fibonacci(604) = 803264607
Fibonacci(605) = 693617185
Fibonacci(606) = 496881785
Fibonacci(607) = 190498963
Fibonacci(608) = 687380748
Fibonacci(609) = 877879711
Fibonacci(610) = 565260452
Fibonacci(611) = 443140156
Fibonacci(612) = 8400601
Fibonacci(613) = 451540757
Fibonacci(614) = 459941358
Fibonacci(615) = 911482115
Fibonacci(616) = 371423466
Fibonacci(617) = 282905574
Fibonacci(618) = 654329040
Fibonacci(619) = 937234614
Fibonacci(620) = 591563647
Fibonacci(621) = 528798254
Fibonacci(622) = 120361894
Fibonacci(623) = 649160148
Fibonacci(624) = 769522042
Fibonacci(625) = 418682183
Fibonacci(626) = 188204218
Fibonacci(627) = 606886401
Fibonacci(628) = 795090619
Fibonacci(629) = 401977013
Fibonacci(630) = 197067625
Fibonacci(631) = 599044638
Fibonacci(632) = 796112263
Fibonacci(633) = 395156894
Fibonacci(634) = 191269150
Fibonacci(635) = 586426044
Fibonacci(636) = 777695194
Fibonacci(637) = 364121231
Fibonacci(638) = 141816418
Fibonacci(639) = 505937649
Fibonacci(640) = 647754067
Fibonacci(641) = 153691709
Fibonacci(642) = 801445776
Fibonacci(643) = 955137485
Fibonacci(644) = 756583254
Fibonacci(645) = 711720732
Fibonacci(646) = 468303979
Fibonacci(647) = 180024704
Fibonacci(648) = 648328683
Fibonacci(649) = 828353387
Fibonacci(650) = 476682063
Fibonacci(651) = 305035443
Fibonacci(652) = 781717506
Fibonacci(653) = 86752942
Fibonacci(654) = 868470448
Fibonacci(655) = 955223390
Fibonacci(656) = 823693831
Fibonacci(657) = 778917214
Fibonacci(658) = 602611038
Fibonacci(659) = 381528245
Fibonacci(660) = 984139283
Fibonacci(661) = 365667521
Fibonacci(662) = 349806797
Fibonacci(663) = 715474318
Fibonacci(664) = 65281108
Fibonacci(665) = 780755426
Fibonacci(666) = 846036534
Fibonacci(667) = 626791953
Fibonacci(668) = 472828480
Fibonacci(669) = 99620426
Fibonacci(670) = 572448906
Fibonacci(671) = 672069332
Fibonacci(672) = 244518231
Fibonacci(673) = 916587563
Fibonacci(674) = 161105787
Fibonacci(675) = 77693343
Fibonacci(676) = 238799130
Fibonacci(677) = 316492473
Fibonacci(678) = 555291603
Fibonacci(679) = 871784076
Fibonacci(680) = 427075672
Fibonacci(681) = 298859741
Fibonacci(682) = 725935413
Fibonacci(683) = 24795147
Fibonacci(684) = 750730560
Fibonacci(685) = 775525707
Fibonacci(686) = 526256260
Fibonacci(687) = 301781960
Fibonacci(688) = 828038220
Fibonacci(689) = 129820173
Fibonacci(690) = 957858393
Fibonacci(691) = 87678559
Fibonacci(692) = 45536945
Fibonacci(693) = 133215504
Fibonacci(694) = 178752449
Fibonacci(695) = 311967953
Fibonacci(696) = 490720402
Fibonacci(697) = 802688355
Fibonacci(698) = 293408750
Fibonacci(699) = 96097098
Fibonacci(700) = 389505848
Fibonacci(701) = 485602946
Fibonacci(702) = 875108794
Fibonacci(703) = 360711733
Fibonacci(704) = 235820520
Fibonacci(705) = 596532253
Fibonacci(706) = 832352773
Fibonacci(707) = 428885019
Fibonacci(708) = 261237785
Fibonacci(709) = 690122804
Fibonacci(710) = 951360589
Fibonacci(711) = 641483386
Fibonacci(712) = 592843968
Fibonacci(713) = 234327347
Fibonacci(714) = 827171315
Fibonacci(715) = 61498655
Fibonacci(716) = 888669970
Fibonacci(717) = 950168625
Fibonacci(718) = 838838588
Fibonacci(719) = 789007206
Fibonacci(720) = 627845787
Fibonacci(721) = 416852986
Fibonacci(722) = 44698766
Fibonacci(723) = 461551752
Fibonacci(724) = 506250518
Fibonacci(725) = 967802270
Fibonacci(726) = 474052781
Fibonacci(727) = 441855044
Fibonacci(728) = 915907825
Fibonacci(729) = 357762862
Fibonacci(730) = 273670680
Fibonacci(731) = 631433542
Fibonacci(732) = 905104222
Fibonacci(733) = 536537757
Fibonacci(734) = 441641972
Fibonacci(735) = 978179729
Fibonacci(736) = 419821694
Fibonacci(737) = 398001416
Fibonacci(738) = 817823110
Fibonacci(739) = 215824519
Fibonacci(740) = 33647622
Fibonacci(741) = 249472141
Fibonacci(742) = 283119763
Fibonacci(743) = 532591904
Fibonacci(744) = 815711667
Fibonacci(745) = 348303564
Fibonacci(746) = 164015224
Fibonacci(747) = 512318788
Fibonacci(748) = 676334012
Fibonacci(749) = 188652793
Fibonacci(750) = 864986805
Fibonacci(751) = 53639591
Fibonacci(752) = 918626396
Fibonacci(753) = 972265987
Fibonacci(754) = 890892376
Fibonacci(755) = 863158356
Fibonacci(756) = 754050725
Fibonacci(757) = 617209074
Fibonacci(758) = 371259792
Fibonacci(759) = 988468866
Fibonacci(760) = 359728651
Fibonacci(761) = 348197510
Fibonacci(762) = 707926161
Fibonacci(763) = 56123664
Fibonacci(764) = 764049825
Fibonacci(765) = 820173489
Fibonacci(766) = 584223307
Fibonacci(767) = 404396789
Fibonacci(768) = 988620096
Fibonacci(769) = 393016878
Fibonacci(770) = 381636967
Fibonacci(771) = 774653845
Fibonacci(772) = 156290805
Fibonacci(773) = 930944650
Fibonacci(774) = 87235448
Fibonacci(775) = 18180091
Fibonacci(776) = 105415539
Fibonacci(777) = 123595630
Fibonacci(778) = 229011169
Fibonacci(779) = 352606799
Fibonacci(780) = 581617968
Fibonacci(781) = 934224767
Fibonacci(782) = 515842728
Fibonacci(783) = 450067488
Fibonacci(784) = 965910216
Fibonacci(785) = 415977697
Fibonacci(786) = 381887906
Fibonacci(787) = 797865603
Fibonacci(788) = 179753502
Fibonacci(789) = 977619105
Fibonacci(790) = 157372600
Fibonacci(791) = 134991698
Fibonacci(792) = 292364298
Fibonacci(793) = 427355996
Fibonacci(794) = 719720294
Fibonacci(795) = 147076283
Fibonacci(796) = 866796577
Fibonacci(797) = 13872853
Fibonacci(798) = 880669430
Fibonacci(799) = 894542283
Fibonacci(800) = 775211706
Fibonacci(801) = 669753982
Fibonacci(802) = 444965681
Fibonacci(803) = 114719656
Fibonacci(804) = 559685337
Fibonacci(805) = 674404993
Fibonacci(806) = 234090323
Fibonacci(807) = 908495316
Fibonacci(808) = 142585632
Fibonacci(809) = 51080941
Fibonacci(810) = 193666573
Fibonacci(811) = 244747514
Fibonacci(812) = 438414087
Fibonacci(813) = 683161601
Fibonacci(814) = 121575681
Fibonacci(815) = 804737282
Fibonacci(816) = 926312963
Fibonacci(817) = 731050238
Fibonacci(818) = 657363194
Fibonacci(819) = 388413425
Fibonacci(820) = 45776612
Fibonacci(821) = 434190037
Fibonacci(822) = 479966649
Fibonacci(823) = 914156686
Fibonacci(824) = 394123328
Fibonacci(825) = 308280007
Fibonacci(826) = 702403335
Fibonacci(827) = 10683335
Fibonacci(828) = 713086670
Fibonacci(829) = 723770005
Fibonacci(830) = 436856668
Fibonacci(831) = 160626666
Fibonacci(832) = 597483334
Fibonacci(833) = 758110000
Fibonacci(834) = 355593327
Fibonacci(835) = 113703320
Fibonacci(836) = 469296647
Fibonacci(837) = 582999967
Fibonacci(838) = 52296607
Fibonacci(839) = 635296574
Fibonacci(840) = 687593181
Fibonacci(841) = 322889748
Fibonacci(842) = 10482922
Fibonacci(843) = 333372670
Fibonacci(844) = 343855592
Fibonacci(845) = 677228262
Fibonacci(846) = 21083847
Fibonacci(847) = 698312109
Fibonacci(848) = 719395956
Fibonacci(849) = 417708058
Fibonacci(850) = 137104007
Fibonacci(851) = 554812065
Fibonacci(852) = 691916072
Fibonacci(853) = 246728130
Fibonacci(854) = 938644202
Fibonacci(855) = 185372325
Fibonacci(856) = 124016520
Fibonacci(857) = 309388845
Fibonacci(858) = 433405365
Fibonacci(859) = 742794210
Fibonacci(860) = 176199568
Fibonacci(861) = 918993778
Fibonacci(862) = 95193339
Fibonacci(863) = 14187110
Fibonacci(864) = 109380449
Fibonacci(865) = 123567559
Fibonacci(866) = 232948008
Fibonacci(867) = 356515567
Fibonacci(868) = 589463575
Fibonacci(869) = 945979142
Fibonacci(870) = 535442710
Fibonacci(871) = 481421845
Fibonacci(872) = 16864548
Fibonacci(873) = 498286393
Fibonacci(874) = 515150941
Fibonacci(875) = 13437327
Fibonacci(876) = 528588268
Fibonacci(877) = 542025595
Fibonacci(878) = 70613856
Fibonacci(879) = 612639451
Fibonacci(880) = 683253307
Fibonacci(881) = 295892751
Fibonacci(882) = 979146058
Fibonacci(883) = 275038802
Fibonacci(884) = 254184853
Fibonacci(885) = 529223655
Fibonacci(886) = 783408508
Fibonacci(887) = 312632156
Fibonacci(888) = 96040657
Fibonacci(889) = 408672813
Fibonacci(890) = 504713470
Fibonacci(891) = 913386283
Fibonacci(892) = 418099746
Fibonacci(893) = 331486022
Fibonacci(894) = 749585768
Fibonacci(895) = 81071783
Fibonacci(896) = 830657551
Fibonacci(897) = 911729334
Fibonacci(898) = 742386878
Fibonacci(899) = 654116205
Fibonacci(900) = 396503076
Fibonacci(901) = 50619274
Fibonacci(902) = 447122350
Fibonacci(903) = 497741624
Fibonacci(904) = 944863974
Fibonacci(905) = 442605591
Fibonacci(906) = 387469558
Fibonacci(907) = 830075149
Fibonacci(908) = 217544700
Fibonacci(909) = 47619842
Fibonacci(910) = 265164542
Fibonacci(911) = 312784384
Fibonacci(912) = 577948926
Fibonacci(913) = 890733310
Fibonacci(914) = 468682229
Fibonacci(915) = 359415532
Fibonacci(916) = 828097761
Fibonacci(917) = 187513286
Fibonacci(918) = 15611040
Fibonacci(919) = 203124326
Fibonacci(920) = 218735366
Fibonacci(921) = 421859692
Fibonacci(922) = 640595058
Fibonacci(923) = 62454743
Fibonacci(924) = 703049801
Fibonacci(925) = 765504544
Fibonacci(926) = 468554338
Fibonacci(927) = 234058875
Fibonacci(928) = 702613213
Fibonacci(929) = 936672088
Fibonacci(930) = 639285294
Fibonacci(931) = 575957375
Fibonacci(932) = 215242662
Fibonacci(933) = 791200037
Fibonacci(934) = 6442692
Fibonacci(935) = 797642729
Fibonacci(936) = 804085421
Fibonacci(937) = 601728143
Fibonacci(938) = 405813557
Fibonacci(939) = 7541693
Fibonacci(940) = 413355250
Fibonacci(941) = 420896943
Fibonacci(942) = 834252193
Fibonacci(943) = 255149129
Fibonacci(944) = 89401315
Fibonacci(945) = 344550444
Fibonacci(946) = 433951759
Fibonacci(947) = 778502203
Fibonacci(948) = 212453955
Fibonacci(949) = 990956158
Fibonacci(950) = 203410106
Fibonacci(951) = 194366257
Fibonacci(952) = 397776363
Fibonacci(953) = 592142620
Fibonacci(954) = 989918983
Fibonacci(955) = 582061596
Fibonacci(956) = 571980572
Fibonacci(957) = 154042161
Fibonacci(958) = 726022733
Fibonacci(959) = 880064894
Fibonacci(960) = 606087620
Fibonacci(961) = 486152507
Fibonacci(962) = 92240120
Fibonacci(963) = 578392627
Fibonacci(964) = 670632747
Fibonacci(965) = 249025367
Fibonacci(966) = 919658114
Fibonacci(967) = 168683474
Fibonacci(968) = 88341581
Fibonacci(969) = 257025055
Fibonacci(970) = 345366636
Fibonacci(971) = 602391691
Fibonacci(972) = 947758327
Fibonacci(973) = 550150011
Fibonacci(974) = 497908331
Fibonacci(975) = 48058335
Fibonacci(976) = 545966666
Fibonacci(977) = 594025001
Fibonacci(978) = 139991660
Fibonacci(979) = 734016661
Fibonacci(980) = 874008321
Fibonacci(981) = 608024975
Fibonacci(982) = 482033289
Fibonacci(983) = 90058257
Fibonacci(984) = 572091546
Fibonacci(985) = 662149803
Fibonacci(986) = 234241342
Fibonacci(987) = 896391145
Fibonacci(988) = 130632480
Fibonacci(989) = 27023618
Fibonacci(990) = 157656098
Fibonacci(991) = 184679716
Fibonacci(992) = 342335814
Fibonacci(993) = 527015530
Fibonacci(994) = 869351344
Fibonacci(995) = 396366867
Fibonacci(996) = 265718204
Fibonacci(997) = 662085071
Fibonacci(998) = 927803275
Fibonacci(999) = 589888339
Fibonacci(1000) = 517691607
Fibonacci(1001) = 107579939
Fibonacci(1002) = 625271546
Fibonacci(1003) = 732851485
Fibonacci(1004) = 358123024
Fibonacci(1005) = 90974502
Fibonacci(1006) = 449097526
Fibonacci(1007) = 540072028
Fibonacci(1008) = 989169554
Fibonacci(1009) = 529241575
Fibonacci(1010) = 518411122
Fibonacci(1011) = 47652690
Fibonacci(1012) = 566063812
Fibonacci(1013) = 613716502
Fibonacci(1014) = 179780307
Fibonacci(1015) = 793496809
Fibonacci(1016) = 973277116
Fibonacci(1017) = 766773918
Fibonacci(1018) = 740051027
Fibonacci(1019) = 506824938
Fibonacci(1020) = 246875958
Fibonacci(1021) = 753700896
Fibonacci(1022) = 576847
Fibonacci(1023) = 754277743
